<?xml version="1.0" encoding="UTF-8"?>
<!-- Generated by org.testng.reporters.JUnitReportReporter -->
<testsuite hostname="TYSS-Yogita" failures="1" tests="1" name="runner.CucumberRunner" time="20.727" errors="0" timestamp="2023-02-02T11:35:07 IST" skipped="0">
  <testcase classname="runner.CucumberRunner" name="runScenario" time="20.727">
    <failure message="null" type="java.lang.AssertionError">
      <![CDATA[java.lang.AssertionError: null
at org.testng.Assert.fail(Assert.java:99)
at org.testng.Assert.fail(Assert.java:106)
at stepdefinitions.DemoWebShopHomePageTest.print_the_count_of_thr_product(DemoWebShopHomePageTest.java:45)
at âœ½.Print the count of thr product(file:///C:/Users/User/eclipse-workspace/CukeBDD/./src/test/java/features/DemoWebShopHome.feature:9)
]]>
    </failure>
  </testcase> <!-- runScenario -->
  <system-out/>
</testsuite> <!-- runner.CucumberRunner -->
