<?xml version="1.0" encoding="UTF-8"?>
<!-- Generated by org.testng.reporters.JUnitXMLReporter -->
<testsuite ignored="0" hostname="TYSS-Yogita" failures="1" tests="1" name="Default test" time="21.534" errors="0" timestamp="2023-02-02T11:35:07 IST">
  <testcase classname="io.cucumber.testng.AbstractTestNGCucumberTests" name="runScenario" time="20.727">
    <failure type="java.lang.AssertionError" message="null">
      <![CDATA[java.lang.AssertionError: null
at org.testng.Assert.fail(Assert.java:99)
at org.testng.Assert.fail(Assert.java:106)
at stepdefinitions.DemoWebShopHomePageTest.print_the_count_of_thr_product(DemoWebShopHomePageTest.java:45)
at âœ½.Print the count of thr product(file:///C:/Users/User/eclipse-workspace/CukeBDD/./src/test/java/features/DemoWebShopHome.feature:9)
]]>
    </failure>
  </testcase> <!-- runScenario -->
</testsuite> <!-- Default test -->
