<?xml version="1.0" encoding="UTF-8"?>
<testng-results ignored="0" total="1" passed="0" failed="1" skipped="0">
  <reporter-output>
  </reporter-output>
  <suite started-at="2023-02-02T11:34:45 IST" name="Default suite" finished-at="2023-02-02T11:35:07 IST" duration-ms="21534">
    <groups>
      <group name="cucumber">
        <method signature="AbstractTestNGCucumberTests.runScenario(io.cucumber.testng.PickleWrapper,io.cucumber.testng.FeatureWrapper)[pri:0, instance:runner.CucumberRunner@37d4349f]" name="runScenario" class="io.cucumber.testng.AbstractTestNGCucumberTests"/>
      </group> <!-- cucumber -->
    </groups>
    <test started-at="2023-02-02T11:34:45 IST" name="Default test" finished-at="2023-02-02T11:35:07 IST" duration-ms="21534">
      <class name="runner.CucumberRunner">
        <test-method is-config="true" signature="setUpClass()[pri:0, instance:runner.CucumberRunner@37d4349f]" started-at="2023-02-02T11:34:45 IST" name="setUpClass" finished-at="2023-02-02T11:34:46 IST" duration-ms="493" status="PASS">
          <reporter-output>
          </reporter-output>
        </test-method> <!-- setUpClass -->
        <test-method signature="runScenario(io.cucumber.testng.PickleWrapper,io.cucumber.testng.FeatureWrapper)[pri:0, instance:runner.CucumberRunner@37d4349f]" started-at="2023-02-02T11:34:46 IST" name="runScenario" description="Runs Cucumber Scenarios" data-provider="scenarios" finished-at="2023-02-02T11:35:07 IST" duration-ms="20727" status="FAIL">
          <params>
            <param index="0">
              <value>
                <![CDATA["User can able view all the products in Home page"]]>
              </value>
            </param>
            <param index="1">
              <value>
                <![CDATA["Optional[Demo WebShop Home page]"]]>
              </value>
            </param>
          </params>
          <exception class="java.lang.AssertionError">
            <message>
              <![CDATA[null]]>
            </message>
            <full-stacktrace>
              <![CDATA[java.lang.AssertionError: null
at org.testng.Assert.fail(Assert.java:99)
at org.testng.Assert.fail(Assert.java:106)
at stepdefinitions.DemoWebShopHomePageTest.print_the_count_of_thr_product(DemoWebShopHomePageTest.java:45)
at âœ½.Print the count of thr product(file:///C:/Users/User/eclipse-workspace/CukeBDD/./src/test/java/features/DemoWebShopHome.feature:9)
]]>
            </full-stacktrace>
          </exception> <!-- java.lang.AssertionError -->
          <reporter-output>
          </reporter-output>
        </test-method> <!-- runScenario -->
        <test-method is-config="true" signature="tearDownClass()[pri:0, instance:runner.CucumberRunner@37d4349f]" started-at="2023-02-02T11:35:07 IST" name="tearDownClass" finished-at="2023-02-02T11:35:07 IST" duration-ms="286" status="PASS">
          <reporter-output>
          </reporter-output>
        </test-method> <!-- tearDownClass -->
      </class> <!-- runner.CucumberRunner -->
    </test> <!-- Default test -->
  </suite> <!-- Default suite -->
</testng-results>
